mode: set
golangUtility/concurrency/concurrentProcessing.go:7.30,12.12 4 0
golangUtility/concurrency/concurrentProcessing.go:16.2,17.51 2 0
golangUtility/concurrency/concurrentProcessing.go:12.12,15.3 2 0
golangUtility/concurrency/concurrentProcessing.go:20.90,21.38 1 0
golangUtility/concurrency/concurrentProcessing.go:21.38,22.13 1 0
golangUtility/concurrency/concurrentProcessing.go:22.13,23.37 1 0
golangUtility/concurrency/concurrentProcessing.go:23.37,26.25 3 0
golangUtility/concurrency/concurrentProcessing.go:26.25,30.41 4 0
golangUtility/concurrency/concurrentProcessing.go:38.6,39.12 2 0
golangUtility/concurrency/concurrentProcessing.go:30.41,32.21 2 0
golangUtility/concurrency/concurrentProcessing.go:36.7,36.40 1 0
golangUtility/concurrency/concurrentProcessing.go:32.21,34.16 2 0
golangUtility/concurrency/concurrentProcessing.go:39.12,41.7 1 0
golangUtility/concurrency/concurrentProcessing.go:48.80,52.29 4 0
golangUtility/concurrency/concurrentProcessing.go:52.29,53.30 1 0
golangUtility/concurrency/concurrentProcessing.go:53.30,54.30 1 0
golangUtility/concurrency/concurrentProcessing.go:54.30,57.22 3 0
golangUtility/concurrency/concurrentProcessing.go:60.5,60.27 1 0
golangUtility/concurrency/concurrentProcessing.go:57.22,59.6 1 0
golangUtility/concurrency/processfile.go:14.28,17.16 2 0
golangUtility/concurrency/processfile.go:21.2,23.14 2 0
golangUtility/concurrency/processfile.go:17.16,19.3 1 0
golangUtility/concurrency/processfile.go:26.38,31.2 3 0
golangUtility/concurrency/processfile.go:33.64,34.29 1 0
golangUtility/concurrency/processfile.go:40.2,40.61 1 0
golangUtility/concurrency/processfile.go:34.29,35.24 1 0
golangUtility/concurrency/processfile.go:35.24,37.4 1 0
golangUtility/concurrency/processfile.go:43.35,47.15 3 0
golangUtility/concurrency/processfile.go:64.2,64.14 1 0
golangUtility/concurrency/processfile.go:47.15,62.3 6 0
golangUtility/concurrency/sequentialProcessing.go:5.29,9.29 3 0
golangUtility/concurrency/sequentialProcessing.go:9.29,10.24 1 0
golangUtility/concurrency/sequentialProcessing.go:10.24,13.44 3 0
golangUtility/concurrency/sequentialProcessing.go:13.44,15.19 2 0
golangUtility/concurrency/sequentialProcessing.go:20.5,20.28 1 0
golangUtility/concurrency/sequentialProcessing.go:15.19,17.14 2 0
golangUtility/concurrency/sequentialProcessing.go:20.28,23.6 2 0
golangUtility/retry/retry.go:11.74,12.31 1 0
golangUtility/retry/retry.go:24.2,24.12 1 0
golangUtility/retry/retry.go:12.31,13.12 1 0
golangUtility/retry/retry.go:18.3,19.17 2 0
golangUtility/retry/retry.go:13.12,17.4 3 0
golangUtility/retry/retry.go:19.17,21.4 1 0
golangUtility/groupBy/groupby.go:9.55,12.29 2 1
golangUtility/groupBy/groupby.go:19.2,19.14 1 1
golangUtility/groupBy/groupby.go:12.29,13.49 1 1
golangUtility/groupBy/groupby.go:16.3,16.62 1 1
golangUtility/groupBy/groupby.go:13.49,15.4 1 1
golangUtility/groupBy/groupby.go:22.48,25.29 2 1
golangUtility/groupBy/groupby.go:29.2,29.14 1 1
golangUtility/groupBy/groupby.go:25.29,27.3 1 1
golangUtility/palindrome/palindrome.go:15.67,16.44 1 1
golangUtility/palindrome/palindrome.go:16.44,18.40 2 1
golangUtility/palindrome/palindrome.go:28.3,28.30 1 1
golangUtility/palindrome/palindrome.go:19.15,20.49 1 1
golangUtility/palindrome/palindrome.go:21.12,21.12 0 1
golangUtility/palindrome/palindrome.go:22.13,22.13 0 0
golangUtility/palindrome/palindrome.go:23.14,23.14 0 0
golangUtility/palindrome/palindrome.go:24.14,24.14 0 0
golangUtility/palindrome/palindrome.go:25.14,26.36 1 0
golangUtility/palindrome/palindrome.go:32.74,33.16 1 0
golangUtility/palindrome/palindrome.go:38.2,38.8 1 0
golangUtility/palindrome/palindrome.go:33.16,36.3 2 0
golangUtility/palindrome/palindrome.go:41.64,43.32 2 1
golangUtility/palindrome/palindrome.go:48.2,48.13 1 1
golangUtility/palindrome/palindrome.go:43.32,44.46 1 1
golangUtility/palindrome/palindrome.go:44.46,46.4 1 1
golangUtility/romanNumber/romanNumber.go:16.31,17.13 1 1
golangUtility/romanNumber/romanNumber.go:21.2,23.30 2 1
golangUtility/romanNumber/romanNumber.go:36.2,36.14 1 1
golangUtility/romanNumber/romanNumber.go:17.13,19.3 1 0
golangUtility/romanNumber/romanNumber.go:23.30,27.20 3 1
golangUtility/romanNumber/romanNumber.go:33.3,33.16 1 1
golangUtility/romanNumber/romanNumber.go:27.20,29.4 1 0
golangUtility/romanNumber/romanNumber.go:29.9,31.4 1 1
golangUtility/romanNumber/romanNumber.go:39.33,43.14 3 1
golangUtility/romanNumber/romanNumber.go:51.2,51.15 1 1
golangUtility/romanNumber/romanNumber.go:43.14,44.29 1 1
golangUtility/romanNumber/romanNumber.go:48.3,48.13 1 1
golangUtility/romanNumber/romanNumber.go:44.29,47.4 2 1
golangUtility/string/concatStringByArrayObject.go:7.71,9.25 2 1
golangUtility/string/concatStringByArrayObject.go:12.2,12.15 1 1
golangUtility/string/concatStringByArrayObject.go:9.25,11.3 1 1
golangUtility/string/concatStringByArrayObject.go:15.89,17.18 2 1
golangUtility/string/concatStringByArrayObject.go:22.2,22.15 1 1
golangUtility/string/concatStringByArrayObject.go:17.18,19.3 1 1
golangUtility/string/concatStringByArrayObject.go:19.8,21.3 1 1
golangUtility/array/reduce.go:8.77,11.52 3 1
golangUtility/array/reduce.go:15.2,15.20 1 1
golangUtility/array/reduce.go:19.2,20.31 2 1
golangUtility/array/reduce.go:24.2,27.34 3 1
golangUtility/array/reduce.go:39.2,39.30 1 1
golangUtility/array/reduce.go:11.52,13.3 1 0
golangUtility/array/reduce.go:15.20,17.3 1 0
golangUtility/array/reduce.go:20.31,22.3 1 0
golangUtility/array/reduce.go:27.34,37.3 3 1
golangUtility/array/reduce.go:42.34,43.85 1 1
golangUtility/array/reduce.go:47.2,47.33 1 1
golangUtility/array/reduce.go:51.2,51.10 1 0
golangUtility/array/reduce.go:43.85,45.3 1 1
golangUtility/array/reduce.go:47.33,49.3 1 1
golangUtility/array/removeDuplicate.go:3.47,7.30 3 1
golangUtility/array/removeDuplicate.go:14.2,14.13 1 1
golangUtility/array/removeDuplicate.go:7.30,8.37 1 1
golangUtility/array/removeDuplicate.go:8.37,11.4 2 1
golangUtility/array/sort.go:12.41,13.39 1 1
golangUtility/array/sort.go:17.2,17.13 1 1
golangUtility/array/sort.go:13.39,15.3 1 1
golangUtility/array/sort.go:20.39,21.45 1 1
golangUtility/array/sort.go:29.2,29.13 1 1
golangUtility/array/sort.go:21.45,22.45 1 1
golangUtility/array/sort.go:26.3,26.45 1 1
golangUtility/array/sort.go:22.45,24.4 1 1
golangUtility/array/contains.go:3.52,4.26 1 1
golangUtility/array/contains.go:10.2,10.14 1 0
golangUtility/array/contains.go:4.26,5.19 1 1
golangUtility/array/contains.go:5.19,7.4 1 1
golangUtility/array/filter.go:3.57,5.30 2 1
golangUtility/array/filter.go:10.2,10.22 1 1
golangUtility/array/filter.go:5.30,6.16 1 1
golangUtility/array/filter.go:6.16,8.4 1 1
golangUtility/array/filter.go:13.43,14.46 1 1
golangUtility/array/filter.go:14.46,16.3 1 1
golangUtility/array/findMaxOrMin.go:9.50,12.29 2 1
golangUtility/array/findMaxOrMin.go:18.2,18.15 1 1
golangUtility/array/findMaxOrMin.go:12.29,13.33 1 1
golangUtility/array/findMaxOrMin.go:13.33,15.4 1 0
golangUtility/array/findMaxOrMin.go:21.50,24.29 2 1
golangUtility/array/findMaxOrMin.go:30.2,30.15 1 1
golangUtility/array/findMaxOrMin.go:24.29,25.33 1 1
golangUtility/array/findMaxOrMin.go:25.33,27.4 1 1
golangUtility/time/time.go:5.62,7.2 1 0
golangUtility/twoSum/twoSum.go:3.44,6.29 2 1
golangUtility/twoSum/twoSum.go:13.2,13.12 1 0
golangUtility/twoSum/twoSum.go:6.29,7.39 1 1
golangUtility/twoSum/twoSum.go:10.3,10.15 1 1
golangUtility/twoSum/twoSum.go:7.39,9.4 1 1
golangUtility/twoSum/twoSum.go:16.44,17.33 1 1
golangUtility/twoSum/twoSum.go:25.2,25.16 1 0
golangUtility/twoSum/twoSum.go:17.33,18.38 1 1
golangUtility/twoSum/twoSum.go:18.38,19.37 1 1
golangUtility/twoSum/twoSum.go:19.37,21.5 1 1
